Arguments: 
  /home/lgeniole/.nvm/versions/node/v10.13.0/bin/node /usr/share/yarn/bin/yarn.js init back_end

PATH: 
  /home/lgeniole/.cargo/bin:/home/lgeniole/.local/bin:/home/lgeniole/.yarn/bin:/home/lgeniole/.nvm/versions/node/v10.13.0/bin:/home/lgeniole/.rbenv/shims:/home/lgeniole/.rbenv/bin:/usr/local/sbin:/usr/local/bin:/usr/sbin:/usr/bin:/sbin:/bin:/usr/games:/usr/local/games:/snap/bin:/home/lgeniole/.yarn/bin:/home/lgeniole/Android/Sdk/tools:/home/lgeniole/Android/Sdk/platform-tools

Yarn version: 
  1.21.1

Node version: 
  10.13.0

Platform: 
  linux x64

Trace: 
  Error: canceled
      at Interface.<anonymous> (/usr/share/yarn/lib/cli.js:136925:13)
      at Interface.emit (events.js:182:13)
      at Interface._ttyWrite (readline.js:783:16)
      at ReadStream.onkeypress (readline.js:168:10)
      at ReadStream.emit (events.js:182:13)
      at emitKeys (internal/readline.js:424:14)
      at emitKeys.next (<anonymous>)
      at ReadStream.onData (readline.js:1022:36)
      at ReadStream.emit (events.js:182:13)
      at addChunk (_stream_readable.js:283:12)

npm manifest: 
  No manifest

yarn manifest: 
  No manifest

Lockfile: 
  No lockfile
